<?xml version="1.0" encoding="UTF-8"?>
<robot generator="Robot 6.0.2 (Python 3.9.13 on win32)" generated="20230820 18:49:23.580" rpa="false" schemaversion="3">
<suite id="s1" name="dummiAPI" source="C:\development\robot-scripts\rfrequestslibrary\Tests\dummiAPI.robot">
<test id="s1-t1" name="Test Create New User" line="48">
<kw name="Create New User">
<var>${new_user_response}</var>
<arg>new_user_first_name=${firstName}</arg>
<arg>new_user_last_name=${lastName}</arg>
<arg>new_user_email=${email}</arg>
<kw name="Generate Random String" library="String">
<var>${randNumbers}</var>
<arg>length=3</arg>
<arg>chars=[NUMBERS]</arg>
<doc>Generates a string with a desired ``length`` from the given ``chars``.</doc>
<msg timestamp="20230820 18:49:23.643" level="INFO">${randNumbers} = 967</msg>
<status status="PASS" starttime="20230820 18:49:23.643" endtime="20230820 18:49:23.643"/>
</kw>
<kw name="Split String" library="String">
<var>${new_email}</var>
<arg>${new_user_email}</arg>
<arg>separator=@</arg>
<doc>Splits the ``string`` using ``separator`` as a delimiter string.</doc>
<msg timestamp="20230820 18:49:23.643" level="INFO">${new_email} = ['maxmuster1max', 'mail.com']</msg>
<status status="PASS" starttime="20230820 18:49:23.643" endtime="20230820 18:49:23.643"/>
</kw>
<kw name="Create Dictionary" library="BuiltIn">
<var>${headers}</var>
<arg>app-id=${app-id}</arg>
<doc>Creates and returns a dictionary based on the given ``items``.</doc>
<msg timestamp="20230820 18:49:23.644" level="INFO">${headers} = {'app-id': '64cc05b3e19eb856065f5806'}</msg>
<status status="PASS" starttime="20230820 18:49:23.643" endtime="20230820 18:49:23.644"/>
</kw>
<kw name="Create Dictionary" library="BuiltIn">
<var>${data}</var>
<arg>firstName=${new_user_first_name}</arg>
<arg>lastName=${new_user_last_name}</arg>
<arg>email=${new_email[0]}${randNumbers}@${new_email[1]}</arg>
<doc>Creates and returns a dictionary based on the given ``items``.</doc>
<msg timestamp="20230820 18:49:23.645" level="INFO">${data} = {'firstName': 'Max', 'lastName': 'Mustermann', 'email': 'maxmuster1max967@mail.com'}</msg>
<status status="PASS" starttime="20230820 18:49:23.644" endtime="20230820 18:49:23.645"/>
</kw>
<kw name="POST" library="RequestsLibrary">
<var>${response}</var>
<arg>url=${Base_URL}/user/create</arg>
<arg>headers=${headers}</arg>
<arg>data=${data}</arg>
<arg>expected_status=any</arg>
<doc>Sends a POST request.</doc>
<msg timestamp="20230820 18:49:26.237" level="INFO">POST Request : url=https://dummyapi.io/data/v1/user/create 
 path_url=/data/v1/user/create 
 headers={'User-Agent': 'python-requests/2.28.1', 'Accept-Encoding': 'gzip, deflate, br', 'Accept': '*/*', 'Connection': 'keep-alive', 'app-id': '64cc05b3e19eb856065f5806', 'Content-Length': '67', 'Content-Type': 'application/x-www-form-urlencoded'} 
 body=firstName=Max&amp;lastName=Mustermann&amp;email=maxmuster1max967%40mail.com 
 </msg>
<msg timestamp="20230820 18:49:26.237" level="INFO">POST Response : url=https://dummyapi.io/data/v1/user/create 
 status=200, reason=OK 
 headers={'Connection': 'keep-alive', 'Content-Length': '194', 'Access-Control-Allow-Origin': '*', 'Cache-Control': 'private', 'Content-Type': 'application/json; charset=utf-8', 'Etag': 'W/"c2-OeqVe7V3O/hPJxbvyb3IWgS9OKM"', 'Function-Execution-Id': 'zt72po6kehf7', 'Server': 'Google Frontend', 'Strict-Transport-Security': 'max-age=31556926', 'X-Cloud-Trace-Context': 'a650d2ce67efdcfd9693da33a7985fe3', 'X-Country-Code': 'DE', 'Accept-Ranges': 'bytes', 'Date': 'Sun, 20 Aug 2023 16:49:24 GMT', 'X-Served-By': 'cache-muc13947-MUC', 'X-Cache': 'MISS', 'X-Cache-Hits': '0', 'X-Timer': 'S1692550165.520241,VS0,VE184', 'Vary': 'cookie,need-authorization, x-fh-requested-host, accept-encoding', 'alt-svc': 'h3=":443";ma=86400,h3-29=":443";ma=86400,h3-27=":443";ma=86400'} 
 body={"id":"64e24414f28e5f61e095410f","firstName":"Max","lastName":"Mustermann","email":"maxmuster1max967@mail.com","registerDate":"2023-08-20T16:49:24.630Z","updatedDate":"2023-08-20T16:49:24.630Z"} 
 </msg>
<msg timestamp="20230820 18:49:26.237" level="INFO">${response} = &lt;Response [200]&gt;</msg>
<status status="PASS" starttime="20230820 18:49:23.645" endtime="20230820 18:49:26.237"/>
</kw>
<msg timestamp="20230820 18:49:26.238" level="INFO">${new_user_response} = &lt;Response [200]&gt;</msg>
<status status="PASS" starttime="20230820 18:49:23.642" endtime="20230820 18:49:26.238"/>
</kw>
<kw name="Should Be Equal As Strings" library="BuiltIn">
<arg>${new_user_response.status_code}</arg>
<arg>200</arg>
<doc>Fails if objects are unequal after converting them to strings.</doc>
<msg timestamp="20230820 18:49:26.241" level="INFO">Argument types are:
&lt;class 'int'&gt;
&lt;class 'str'&gt;</msg>
<status status="PASS" starttime="20230820 18:49:26.239" endtime="20230820 18:49:26.241"/>
</kw>
<kw name="Get User By ID">
<var>${response}</var>
<arg>user_id=${new_user_response.json()['id']}</arg>
<kw name="Create Dictionary" library="BuiltIn">
<var>${headers}</var>
<arg>app-id=${app-id}</arg>
<doc>Creates and returns a dictionary based on the given ``items``.</doc>
<msg timestamp="20230820 18:49:26.244" level="INFO">${headers} = {'app-id': '64cc05b3e19eb856065f5806'}</msg>
<status status="PASS" starttime="20230820 18:49:26.243" endtime="20230820 18:49:26.244"/>
</kw>
<kw name="GET" library="RequestsLibrary">
<var>${response}</var>
<arg>url=${Base_URL}/user/${user_id}</arg>
<arg>headers=${headers}</arg>
<arg>expected_status=any</arg>
<doc>Sends a GET request.</doc>
<msg timestamp="20230820 18:49:27.671" level="INFO">GET Request : url=https://dummyapi.io/data/v1/user/64e24414f28e5f61e095410f 
 path_url=/data/v1/user/64e24414f28e5f61e095410f 
 headers={'User-Agent': 'python-requests/2.28.1', 'Accept-Encoding': 'gzip, deflate, br', 'Accept': '*/*', 'Connection': 'keep-alive', 'app-id': '64cc05b3e19eb856065f5806'} 
 body=None 
 </msg>
<msg timestamp="20230820 18:49:27.671" level="INFO">GET Response : url=https://dummyapi.io/data/v1/user/64e24414f28e5f61e095410f 
 status=200, reason=OK 
 headers={'Connection': 'keep-alive', 'Content-Length': '194', 'Access-Control-Allow-Origin': '*', 'Cache-Control': 'private', 'Content-Type': 'application/json; charset=utf-8', 'Etag': 'W/"c2-OeqVe7V3O/hPJxbvyb3IWgS9OKM"', 'Function-Execution-Id': 'zt72vld66tpo', 'Server': 'Google Frontend', 'Strict-Transport-Security': 'max-age=31556926', 'X-Cloud-Trace-Context': 'eb53c5ce8bb0c7a7f8880bd9c8b78be0', 'X-Country-Code': 'DE', 'Accept-Ranges': 'bytes', 'Date': 'Sun, 20 Aug 2023 16:49:27 GMT', 'X-Served-By': 'cache-muc13961-MUC', 'X-Cache': 'MISS', 'X-Cache-Hits': '0', 'X-Timer': 'S1692550167.832732,VS0,VE191', 'Vary': 'cookie,need-authorization, x-fh-requested-host, accept-encoding', 'alt-svc': 'h3=":443";ma=86400,h3-29=":443";ma=86400,h3-27=":443";ma=86400'} 
 body={"id":"64e24414f28e5f61e095410f","firstName":"Max","lastName":"Mustermann","email":"maxmuster1max967@mail.com","registerDate":"2023-08-20T16:49:24.630Z","updatedDate":"2023-08-20T16:49:24.630Z"} 
 </msg>
<msg timestamp="20230820 18:49:27.672" level="INFO">${response} = &lt;Response [200]&gt;</msg>
<status status="PASS" starttime="20230820 18:49:26.244" endtime="20230820 18:49:27.672"/>
</kw>
<msg timestamp="20230820 18:49:27.672" level="INFO">${response} = &lt;Response [200]&gt;</msg>
<status status="PASS" starttime="20230820 18:49:26.241" endtime="20230820 18:49:27.672"/>
</kw>
<kw name="Should Be Equal As Strings" library="BuiltIn">
<arg>${response.status_code}</arg>
<arg>200</arg>
<doc>Fails if objects are unequal after converting them to strings.</doc>
<msg timestamp="20230820 18:49:27.675" level="INFO">Argument types are:
&lt;class 'int'&gt;
&lt;class 'str'&gt;</msg>
<status status="PASS" starttime="20230820 18:49:27.673" endtime="20230820 18:49:27.675"/>
</kw>
<status status="PASS" starttime="20230820 18:49:23.642" endtime="20230820 18:49:27.675"/>
</test>
<test id="s1-t2" name="Test Delete User" line="54">
<kw name="Create New User">
<var>${new_user_response}</var>
<arg>new_user_first_name=${firstName}</arg>
<arg>new_user_last_name=${lastName}</arg>
<arg>new_user_email=${email}</arg>
<kw name="Generate Random String" library="String">
<var>${randNumbers}</var>
<arg>length=3</arg>
<arg>chars=[NUMBERS]</arg>
<doc>Generates a string with a desired ``length`` from the given ``chars``.</doc>
<msg timestamp="20230820 18:49:27.681" level="INFO">${randNumbers} = 545</msg>
<status status="PASS" starttime="20230820 18:49:27.679" endtime="20230820 18:49:27.682"/>
</kw>
<kw name="Split String" library="String">
<var>${new_email}</var>
<arg>${new_user_email}</arg>
<arg>separator=@</arg>
<doc>Splits the ``string`` using ``separator`` as a delimiter string.</doc>
<msg timestamp="20230820 18:49:27.682" level="INFO">${new_email} = ['maxmuster1max', 'mail.com']</msg>
<status status="PASS" starttime="20230820 18:49:27.682" endtime="20230820 18:49:27.682"/>
</kw>
<kw name="Create Dictionary" library="BuiltIn">
<var>${headers}</var>
<arg>app-id=${app-id}</arg>
<doc>Creates and returns a dictionary based on the given ``items``.</doc>
<msg timestamp="20230820 18:49:27.683" level="INFO">${headers} = {'app-id': '64cc05b3e19eb856065f5806'}</msg>
<status status="PASS" starttime="20230820 18:49:27.682" endtime="20230820 18:49:27.683"/>
</kw>
<kw name="Create Dictionary" library="BuiltIn">
<var>${data}</var>
<arg>firstName=${new_user_first_name}</arg>
<arg>lastName=${new_user_last_name}</arg>
<arg>email=${new_email[0]}${randNumbers}@${new_email[1]}</arg>
<doc>Creates and returns a dictionary based on the given ``items``.</doc>
<msg timestamp="20230820 18:49:27.685" level="INFO">${data} = {'firstName': 'Max', 'lastName': 'Mustermann', 'email': 'maxmuster1max545@mail.com'}</msg>
<status status="PASS" starttime="20230820 18:49:27.683" endtime="20230820 18:49:27.685"/>
</kw>
<kw name="POST" library="RequestsLibrary">
<var>${response}</var>
<arg>url=${Base_URL}/user/create</arg>
<arg>headers=${headers}</arg>
<arg>data=${data}</arg>
<arg>expected_status=any</arg>
<doc>Sends a POST request.</doc>
<msg timestamp="20230820 18:49:28.285" level="INFO">POST Request : url=https://dummyapi.io/data/v1/user/create 
 path_url=/data/v1/user/create 
 headers={'User-Agent': 'python-requests/2.28.1', 'Accept-Encoding': 'gzip, deflate, br', 'Accept': '*/*', 'Connection': 'keep-alive', 'app-id': '64cc05b3e19eb856065f5806', 'Content-Length': '67', 'Content-Type': 'application/x-www-form-urlencoded'} 
 body=firstName=Max&amp;lastName=Mustermann&amp;email=maxmuster1max545%40mail.com 
 </msg>
<msg timestamp="20230820 18:49:28.286" level="INFO">POST Response : url=https://dummyapi.io/data/v1/user/create 
 status=200, reason=OK 
 headers={'Connection': 'keep-alive', 'Content-Length': '194', 'Access-Control-Allow-Origin': '*', 'Cache-Control': 'private', 'Content-Type': 'application/json; charset=utf-8', 'Etag': 'W/"c2-g90FSf/qdWYODgZL7LVKq7Fj6ig"', 'Function-Execution-Id': 'zt723cir9dhy', 'Server': 'Google Frontend', 'Strict-Transport-Security': 'max-age=31556926', 'X-Cloud-Trace-Context': 'ebd46124ebb99931fbf57c3ab897d59b', 'X-Country-Code': 'DE', 'Accept-Ranges': 'bytes', 'Date': 'Sun, 20 Aug 2023 16:49:27 GMT', 'X-Served-By': 'cache-muc13983-MUC', 'X-Cache': 'MISS', 'X-Cache-Hits': '0', 'X-Timer': 'S1692550167.427151,VS0,VE175', 'Vary': 'cookie,need-authorization, x-fh-requested-host, accept-encoding', 'alt-svc': 'h3=":443";ma=86400,h3-29=":443";ma=86400,h3-27=":443";ma=86400'} 
 body={"id":"64e24417f28e5ff53c954116","firstName":"Max","lastName":"Mustermann","email":"maxmuster1max545@mail.com","registerDate":"2023-08-20T16:49:27.510Z","updatedDate":"2023-08-20T16:49:27.510Z"} 
 </msg>
<msg timestamp="20230820 18:49:28.286" level="INFO">${response} = &lt;Response [200]&gt;</msg>
<status status="PASS" starttime="20230820 18:49:27.685" endtime="20230820 18:49:28.286"/>
</kw>
<msg timestamp="20230820 18:49:28.286" level="INFO">${new_user_response} = &lt;Response [200]&gt;</msg>
<status status="PASS" starttime="20230820 18:49:27.678" endtime="20230820 18:49:28.286"/>
</kw>
<kw name="Delete User By ID">
<arg>user_id=${new_user_response.json()['id']}</arg>
<kw name="Create Dictionary" library="BuiltIn">
<var>${headers}</var>
<arg>app-id=${app-id}</arg>
<doc>Creates and returns a dictionary based on the given ``items``.</doc>
<msg timestamp="20230820 18:49:28.288" level="INFO">${headers} = {'app-id': '64cc05b3e19eb856065f5806'}</msg>
<status status="PASS" starttime="20230820 18:49:28.288" endtime="20230820 18:49:28.288"/>
</kw>
<kw name="DELETE" library="RequestsLibrary">
<var>${response}</var>
<arg>url=${Base_URL}/user/${user_id}</arg>
<arg>headers=${headers}</arg>
<arg>expected_status=any</arg>
<doc>Sends a DELETE request.</doc>
<msg timestamp="20230820 18:49:28.825" level="INFO">DELETE Request : url=https://dummyapi.io/data/v1/user/64e24417f28e5ff53c954116 
 path_url=/data/v1/user/64e24417f28e5ff53c954116 
 headers={'User-Agent': 'python-requests/2.28.1', 'Accept-Encoding': 'gzip, deflate, br', 'Accept': '*/*', 'Connection': 'keep-alive', 'app-id': '64cc05b3e19eb856065f5806', 'Content-Length': '0'} 
 body=None 
 </msg>
<msg timestamp="20230820 18:49:28.825" level="INFO">DELETE Response : url=https://dummyapi.io/data/v1/user/64e24417f28e5ff53c954116 
 status=200, reason=OK 
 headers={'Connection': 'keep-alive', 'Content-Length': '33', 'Access-Control-Allow-Origin': '*', 'Cache-Control': 'private', 'Content-Type': 'application/json; charset=utf-8', 'Etag': 'W/"21-x8cTC/kDUdABsTUismIYJ5kBReg"', 'Function-Execution-Id': 'zt724nv2ecb8', 'Server': 'Google Frontend', 'Strict-Transport-Security': 'max-age=31556926', 'X-Cloud-Trace-Context': 'c037c0950adae04f5f423ac27461e377', 'X-Country-Code': 'DE', 'Accept-Ranges': 'bytes', 'Date': 'Sun, 20 Aug 2023 16:49:28 GMT', 'X-Served-By': 'cache-muc13974-MUC', 'X-Cache': 'MISS', 'X-Cache-Hits': '0', 'X-Timer': 'S1692550168.990777,VS0,VE211', 'Vary': 'cookie,need-authorization, x-fh-requested-host, accept-encoding', 'alt-svc': 'h3=":443";ma=86400,h3-29=":443";ma=86400,h3-27=":443";ma=86400'} 
 body={"id":"64e24417f28e5ff53c954116"} 
 </msg>
<msg timestamp="20230820 18:49:28.826" level="INFO">${response} = &lt;Response [200]&gt;</msg>
<status status="PASS" starttime="20230820 18:49:28.288" endtime="20230820 18:49:28.826"/>
</kw>
<kw name="Should Be Equal As Strings" library="BuiltIn">
<arg>200</arg>
<arg>${response.status_code}</arg>
<doc>Fails if objects are unequal after converting them to strings.</doc>
<msg timestamp="20230820 18:49:28.828" level="INFO">Argument types are:
&lt;class 'str'&gt;
&lt;class 'int'&gt;</msg>
<status status="PASS" starttime="20230820 18:49:28.826" endtime="20230820 18:49:28.828"/>
</kw>
<kw name="Should Be Equal As Strings" library="BuiltIn">
<arg>${response.json()['id']}</arg>
<arg>${user_id}</arg>
<doc>Fails if objects are unequal after converting them to strings.</doc>
<status status="PASS" starttime="20230820 18:49:28.828" endtime="20230820 18:49:28.829"/>
</kw>
<status status="PASS" starttime="20230820 18:49:28.287" endtime="20230820 18:49:28.830"/>
</kw>
<status status="PASS" starttime="20230820 18:49:27.677" endtime="20230820 18:49:28.831"/>
</test>
<test id="s1-t3" name="Test Get User By Invalid ID" line="59">
<kw name="Get User By ID">
<var>${user}</var>
<arg>user_id=hhhh</arg>
<kw name="Create Dictionary" library="BuiltIn">
<var>${headers}</var>
<arg>app-id=${app-id}</arg>
<doc>Creates and returns a dictionary based on the given ``items``.</doc>
<msg timestamp="20230820 18:49:28.835" level="INFO">${headers} = {'app-id': '64cc05b3e19eb856065f5806'}</msg>
<status status="PASS" starttime="20230820 18:49:28.834" endtime="20230820 18:49:28.835"/>
</kw>
<kw name="GET" library="RequestsLibrary">
<var>${response}</var>
<arg>url=${Base_URL}/user/${user_id}</arg>
<arg>headers=${headers}</arg>
<arg>expected_status=any</arg>
<doc>Sends a GET request.</doc>
<msg timestamp="20230820 18:49:29.411" level="INFO">GET Request : url=https://dummyapi.io/data/v1/user/hhhh 
 path_url=/data/v1/user/hhhh 
 headers={'User-Agent': 'python-requests/2.28.1', 'Accept-Encoding': 'gzip, deflate, br', 'Accept': '*/*', 'Connection': 'keep-alive', 'app-id': '64cc05b3e19eb856065f5806'} 
 body=None 
 </msg>
<msg timestamp="20230820 18:49:29.411" level="INFO">GET Response : url=https://dummyapi.io/data/v1/user/hhhh 
 status=400, reason=Bad Request 
 headers={'Connection': 'keep-alive', 'Content-Length': '28', 'Access-Control-Allow-Origin': '*', 'Content-Type': 'application/json; charset=utf-8', 'Etag': 'W/"1c-8FSS/0hFfXyNl6m9cNG6Y/wleGI"', 'Function-Execution-Id': 'zt728wry6wz6', 'Server': 'Google Frontend', 'X-Cloud-Trace-Context': '94196db17dca2b6d45cf438bba6efc85', 'Accept-Ranges': 'bytes', 'Date': 'Sun, 20 Aug 2023 16:49:28 GMT', 'X-Served-By': 'cache-muc13980-MUC', 'X-Cache': 'MISS', 'X-Cache-Hits': '0', 'X-Timer': 'S1692550169.638210,VS0,VE153', 'Vary': 'x-fh-requested-host, accept-encoding', 'alt-svc': 'h3=":443";ma=86400,h3-29=":443";ma=86400,h3-27=":443";ma=86400'} 
 body={"error":"PARAMS_NOT_VALID"} 
 </msg>
<msg timestamp="20230820 18:49:29.412" level="INFO">${response} = &lt;Response [400]&gt;</msg>
<status status="PASS" starttime="20230820 18:49:28.835" endtime="20230820 18:49:29.412"/>
</kw>
<msg timestamp="20230820 18:49:29.412" level="INFO">${user} = &lt;Response [400]&gt;</msg>
<status status="PASS" starttime="20230820 18:49:28.834" endtime="20230820 18:49:29.412"/>
</kw>
<kw name="Log To Console" library="BuiltIn">
<arg>${user.status_code}</arg>
<doc>Logs the given message to the console.</doc>
<status status="PASS" starttime="20230820 18:49:29.413" endtime="20230820 18:49:29.415"/>
</kw>
<kw name="Log To Console" library="BuiltIn">
<arg>Here is response body: ${user.json()}</arg>
<doc>Logs the given message to the console.</doc>
<status status="PASS" starttime="20230820 18:49:29.416" endtime="20230820 18:49:29.418"/>
</kw>
<kw name="Should Be Equal As Strings" library="BuiltIn">
<arg>${user.status_code}</arg>
<arg>400</arg>
<doc>Fails if objects are unequal after converting them to strings.</doc>
<msg timestamp="20230820 18:49:29.420" level="INFO">Argument types are:
&lt;class 'int'&gt;
&lt;class 'str'&gt;</msg>
<status status="PASS" starttime="20230820 18:49:29.418" endtime="20230820 18:49:29.420"/>
</kw>
<kw name="Should Be Equal As Strings" library="BuiltIn">
<arg>${user.json()['error']}</arg>
<arg>PARAMS_NOT_VALID</arg>
<doc>Fails if objects are unequal after converting them to strings.</doc>
<status status="PASS" starttime="20230820 18:49:29.421" endtime="20230820 18:49:29.422"/>
</kw>
<status status="PASS" starttime="20230820 18:49:28.833" endtime="20230820 18:49:29.422"/>
</test>
<status status="PASS" starttime="20230820 18:49:23.581" endtime="20230820 18:49:29.423"/>
</suite>
<statistics>
<total>
<stat pass="3" fail="0" skip="0">All Tests</stat>
</total>
<tag>
</tag>
<suite>
<stat pass="3" fail="0" skip="0" id="s1" name="dummiAPI">dummiAPI</stat>
</suite>
</statistics>
<errors>
</errors>
</robot>
