<?xml version="1.0" encoding="UTF-8"?>
<robot generator="Robot 6.0.2 (Python 3.9.13 on win32)" generated="20230811 22:42:42.824" rpa="false" schemaversion="3">
<suite id="s1" name="dummiAPI" source="C:\development\robot-scripts\rfrequestslibrary\Tests\dummiAPI.robot">
<test id="s1-t1" name="Test Create New User" line="47">
<kw name="Create New User">
<var>${new_user_response}</var>
<arg>new_user_first_name=${firstName}</arg>
<arg>new_user_last_name=${lastName}</arg>
<arg>new_user_email=${email}</arg>
<kw name="Create Dictionary" library="BuiltIn">
<var>${headers}</var>
<arg>app-id=${app-id}</arg>
<doc>Creates and returns a dictionary based on the given ``items``.</doc>
<msg timestamp="20230811 22:42:42.887" level="INFO">${headers} = {'app-id': '64cc05b3e19eb856065f5806'}</msg>
<status status="PASS" starttime="20230811 22:42:42.887" endtime="20230811 22:42:42.887"/>
</kw>
<kw name="Create Dictionary" library="BuiltIn">
<var>${data}</var>
<arg>firstName=${new_user_first_name}</arg>
<arg>lastName=${new_user_last_name}</arg>
<arg>email=${new_user_email}</arg>
<doc>Creates and returns a dictionary based on the given ``items``.</doc>
<msg timestamp="20230811 22:42:42.887" level="INFO">${data} = {'firstName': 'Max', 'lastName': 'Mustermann', 'email': 'maxmustermax123456@mail.com'}</msg>
<status status="PASS" starttime="20230811 22:42:42.887" endtime="20230811 22:42:42.887"/>
</kw>
<kw name="POST" library="RequestsLibrary">
<var>${response}</var>
<arg>url=${Base_URL}/user/create</arg>
<arg>headers=${headers}</arg>
<arg>data=${data}</arg>
<doc>Sends a POST request.</doc>
<msg timestamp="20230811 22:42:43.189" level="INFO">POST Request : url=https://dummyapi.io/data/v1/user/create 
 path_url=/data/v1/user/create 
 headers={'User-Agent': 'python-requests/2.28.1', 'Accept-Encoding': 'gzip, deflate, br', 'Accept': '*/*', 'Connection': 'keep-alive', 'app-id': '64cc05b3e19eb856065f5806', 'Content-Length': '69', 'Content-Type': 'application/x-www-form-urlencoded'} 
 body=firstName=Max&amp;lastName=Mustermann&amp;email=maxmustermax123456%40mail.com 
 </msg>
<msg timestamp="20230811 22:42:43.189" level="INFO">POST Response : url=https://dummyapi.io/data/v1/user/create 
 status=200, reason=OK 
 headers={'Connection': 'keep-alive', 'Content-Length': '196', 'Access-Control-Allow-Origin': '*', 'Cache-Control': 'private', 'Content-Type': 'application/json; charset=utf-8', 'Etag': 'W/"c4-+CCglMBgWeAk2EPdPeiElCjS8I8"', 'Function-Execution-Id': 'aei5wviho58k', 'Server': 'Google Frontend', 'Strict-Transport-Security': 'max-age=31556926', 'X-Cloud-Trace-Context': '6cc2f08f707923713f33dba9f7a500ae', 'X-Country-Code': 'DE', 'Accept-Ranges': 'bytes', 'Date': 'Fri, 11 Aug 2023 20:42:43 GMT', 'X-Served-By': 'cache-ams21038-AMS', 'X-Cache': 'MISS', 'X-Cache-Hits': '0', 'X-Timer': 'S1691786563.923084,VS0,VE210', 'Vary': 'cookie,need-authorization, x-fh-requested-host, accept-encoding', 'alt-svc': 'h3=":443";ma=86400,h3-29=":443";ma=86400,h3-27=":443";ma=86400'} 
 body={"id":"64d69d43e074d010e1fdafff","firstName":"Max","lastName":"Mustermann","email":"maxmustermax123456@mail.com","registerDate":"2023-08-11T20:42:43.023Z","updatedDate":"2023-08-11T20:42:43.023Z"} 
 </msg>
<msg timestamp="20230811 22:42:43.190" level="INFO">${response} = &lt;Response [200]&gt;</msg>
<status status="PASS" starttime="20230811 22:42:42.887" endtime="20230811 22:42:43.190"/>
</kw>
<kw name="Should Be Equal As Strings" library="BuiltIn">
<arg>200</arg>
<arg>${response.status_code}</arg>
<doc>Fails if objects are unequal after converting them to strings.</doc>
<msg timestamp="20230811 22:42:43.192" level="INFO">Argument types are:
&lt;class 'str'&gt;
&lt;class 'int'&gt;</msg>
<status status="PASS" starttime="20230811 22:42:43.190" endtime="20230811 22:42:43.192"/>
</kw>
<msg timestamp="20230811 22:42:43.192" level="INFO">${new_user_response} = &lt;Response [200]&gt;</msg>
<status status="PASS" starttime="20230811 22:42:42.886" endtime="20230811 22:42:43.192"/>
</kw>
<kw name="Log To Console" library="BuiltIn">
<arg>${new_user_response.json()['id']}</arg>
<doc>Logs the given message to the console.</doc>
<status status="PASS" starttime="20230811 22:42:43.194" endtime="20230811 22:42:43.196"/>
</kw>
<kw name="Get User By ID">
<arg>user_id=${new_user_response.json()['id']}</arg>
<kw name="Create Dictionary" library="BuiltIn">
<var>${headers}</var>
<arg>app-id=${app-id}</arg>
<doc>Creates and returns a dictionary based on the given ``items``.</doc>
<msg timestamp="20230811 22:42:43.198" level="INFO">${headers} = {'app-id': '64cc05b3e19eb856065f5806'}</msg>
<status status="PASS" starttime="20230811 22:42:43.198" endtime="20230811 22:42:43.198"/>
</kw>
<kw name="GET" library="RequestsLibrary">
<var>${response}</var>
<arg>url=${Base_URL}/user/${user_id}</arg>
<arg>headers=${headers}</arg>
<doc>Sends a GET request.</doc>
<msg timestamp="20230811 22:42:43.535" level="INFO">GET Request : url=https://dummyapi.io/data/v1/user/64d69d43e074d010e1fdafff 
 path_url=/data/v1/user/64d69d43e074d010e1fdafff 
 headers={'User-Agent': 'python-requests/2.28.1', 'Accept-Encoding': 'gzip, deflate, br', 'Accept': '*/*', 'Connection': 'keep-alive', 'app-id': '64cc05b3e19eb856065f5806'} 
 body=None 
 </msg>
<msg timestamp="20230811 22:42:43.535" level="INFO">GET Response : url=https://dummyapi.io/data/v1/user/64d69d43e074d010e1fdafff 
 status=200, reason=OK 
 headers={'Connection': 'keep-alive', 'Content-Length': '196', 'Access-Control-Allow-Origin': '*', 'Cache-Control': 'private', 'Content-Type': 'application/json; charset=utf-8', 'Etag': 'W/"c4-+CCglMBgWeAk2EPdPeiElCjS8I8"', 'Function-Execution-Id': 'aei5us3oytx3', 'Server': 'Google Frontend', 'Strict-Transport-Security': 'max-age=31556926', 'X-Cloud-Trace-Context': '26c3fa8660e47ce9c693ceb94e40f47b', 'X-Country-Code': 'DE', 'Accept-Ranges': 'bytes', 'Date': 'Fri, 11 Aug 2023 20:42:43 GMT', 'X-Served-By': 'cache-ams21060-AMS', 'X-Cache': 'MISS', 'X-Cache-Hits': '0', 'X-Timer': 'S1691786563.237760,VS0,VE181', 'Vary': 'cookie,need-authorization, x-fh-requested-host, accept-encoding', 'alt-svc': 'h3=":443";ma=86400,h3-29=":443";ma=86400,h3-27=":443";ma=86400'} 
 body={"id":"64d69d43e074d010e1fdafff","firstName":"Max","lastName":"Mustermann","email":"maxmustermax123456@mail.com","registerDate":"2023-08-11T20:42:43.023Z","updatedDate":"2023-08-11T20:42:43.023Z"} 
 </msg>
<msg timestamp="20230811 22:42:43.535" level="INFO">${response} = &lt;Response [200]&gt;</msg>
<status status="PASS" starttime="20230811 22:42:43.199" endtime="20230811 22:42:43.535"/>
</kw>
<kw name="Should Be Equal As Strings" library="BuiltIn">
<arg>200</arg>
<arg>${response.status_code}</arg>
<doc>Fails if objects are unequal after converting them to strings.</doc>
<msg timestamp="20230811 22:42:43.536" level="INFO">Argument types are:
&lt;class 'str'&gt;
&lt;class 'int'&gt;</msg>
<status status="PASS" starttime="20230811 22:42:43.535" endtime="20230811 22:42:43.536"/>
</kw>
<status status="PASS" starttime="20230811 22:42:43.196" endtime="20230811 22:42:43.537"/>
</kw>
<status status="PASS" starttime="20230811 22:42:42.886" endtime="20230811 22:42:43.537"/>
</test>
<test id="s1-t2" name="Test Delete User" line="52">
<kw name="Delete User By ID">
<arg>user_id=64d69c47e074d010d3fdafb4</arg>
<kw name="Create Dictionary" library="BuiltIn">
<var>${headers}</var>
<arg>app-id=${app-id}</arg>
<doc>Creates and returns a dictionary based on the given ``items``.</doc>
<msg timestamp="20230811 22:42:43.541" level="INFO">${headers} = {'app-id': '64cc05b3e19eb856065f5806'}</msg>
<status status="PASS" starttime="20230811 22:42:43.540" endtime="20230811 22:42:43.541"/>
</kw>
<kw name="DELETE" library="RequestsLibrary">
<var>${response}</var>
<arg>url=${Base_URL}/user/${user_id}</arg>
<arg>headers=${headers}</arg>
<doc>Sends a DELETE request.</doc>
<msg timestamp="20230811 22:42:43.816" level="INFO">DELETE Request : url=https://dummyapi.io/data/v1/user/64d69c47e074d010d3fdafb4 
 path_url=/data/v1/user/64d69c47e074d010d3fdafb4 
 headers={'User-Agent': 'python-requests/2.28.1', 'Accept-Encoding': 'gzip, deflate, br', 'Accept': '*/*', 'Connection': 'keep-alive', 'app-id': '64cc05b3e19eb856065f5806', 'Content-Length': '0'} 
 body=None 
 </msg>
<msg timestamp="20230811 22:42:43.817" level="INFO">DELETE Response : url=https://dummyapi.io/data/v1/user/64d69c47e074d010d3fdafb4 
 status=200, reason=OK 
 headers={'Connection': 'keep-alive', 'Content-Length': '33', 'Access-Control-Allow-Origin': '*', 'Cache-Control': 'private', 'Content-Type': 'application/json; charset=utf-8', 'Etag': 'W/"21-6a0vj+iXNOuiifyLqXuweGR6lPQ"', 'Function-Execution-Id': 'aei5tvp33blk', 'Server': 'Google Frontend', 'Strict-Transport-Security': 'max-age=31556926', 'X-Cloud-Trace-Context': 'e5c08cb89fafc01f1d8df0289c3b6c48', 'X-Country-Code': 'DE', 'Accept-Ranges': 'bytes', 'Date': 'Fri, 11 Aug 2023 20:42:43 GMT', 'X-Served-By': 'cache-ams21031-AMS', 'X-Cache': 'MISS', 'X-Cache-Hits': '0', 'X-Timer': 'S1691786564.587677,VS0,VE165', 'Vary': 'cookie,need-authorization, x-fh-requested-host, accept-encoding', 'alt-svc': 'h3=":443";ma=86400,h3-29=":443";ma=86400,h3-27=":443";ma=86400'} 
 body={"id":"64d69c47e074d010d3fdafb4"} 
 </msg>
<msg timestamp="20230811 22:42:43.817" level="INFO">${response} = &lt;Response [200]&gt;</msg>
<status status="PASS" starttime="20230811 22:42:43.541" endtime="20230811 22:42:43.817"/>
</kw>
<kw name="Should Be Equal As Strings" library="BuiltIn">
<arg>200</arg>
<arg>${response.status_code}</arg>
<doc>Fails if objects are unequal after converting them to strings.</doc>
<msg timestamp="20230811 22:42:43.818" level="INFO">Argument types are:
&lt;class 'str'&gt;
&lt;class 'int'&gt;</msg>
<status status="PASS" starttime="20230811 22:42:43.817" endtime="20230811 22:42:43.819"/>
</kw>
<kw name="Should Be Equal As Strings" library="BuiltIn">
<arg>${response.json()['id']}</arg>
<arg>${user_id}</arg>
<doc>Fails if objects are unequal after converting them to strings.</doc>
<status status="PASS" starttime="20230811 22:42:43.819" endtime="20230811 22:42:43.820"/>
</kw>
<status status="PASS" starttime="20230811 22:42:43.540" endtime="20230811 22:42:43.820"/>
</kw>
<status status="PASS" starttime="20230811 22:42:43.539" endtime="20230811 22:42:43.821"/>
</test>
<status status="PASS" starttime="20230811 22:42:42.826" endtime="20230811 22:42:43.824"/>
</suite>
<statistics>
<total>
<stat pass="2" fail="0" skip="0">All Tests</stat>
</total>
<tag>
</tag>
<suite>
<stat pass="2" fail="0" skip="0" id="s1" name="dummiAPI">dummiAPI</stat>
</suite>
</statistics>
<errors>
</errors>
</robot>
